2024-04-08 19:54:44.046|I|Thread-1|(DELAYED) nexial-core dev_0000 starting up...
2024-04-08 19:54:44.046|I|Thread-1|(DELAYED) data file resolved as C:\Users\al5171\tmp\NDRNO\TN5250.data.xlsx
2024-04-08 19:54:44.046|I|Thread-1|(DELAYED) input files and output directory resolved...
2024-04-08 19:54:44.046|I|Thread-1|(DELAYED) cleaning up outdated temp files...
2024-04-08 19:54:44.046|I|Thread-1|(DELAYED) No predefined nexial-setup found
2024-04-08 19:54:44.046|I|Thread-1|(DELAYED) re-fetching data from F:\Projects\tn5250j\TN5250\artifact\data\TN5250.data.xlsx
2024-04-08 19:54:44.046|I|Thread-1|(DELAYED) [20240408_195442] [F:\Projects\tn5250j\TN5250\artifact\script\TN5250.xlsx] resolve RUN ID as 20240408_195442
2024-04-08 19:54:44.084|I|Thread-1|(DELAYED) [20240408_195442] [F:\Projects\tn5250j\TN5250\artifact\script\TN5250.xlsx] new thread started
2024-04-08 19:54:44.084|I|Thread-1|No predefined nexial-setup found
2024-04-08 19:54:44.614|I|Thread-1|outputBase not set; output-to-cloud DISABLED!
2024-04-08 19:54:44.614|I|Thread-1|accessKey not set; output-to-cloud DISABLED!
2024-04-08 19:54:44.616|I|Thread-1|secretKey not set; output-to-cloud DISABLED!
2024-04-08 19:54:44.896|I|Thread-1|missing REQUIRED configuration; sms DISABLED!
2024-04-08 19:54:45.655|I|Thread-1|On-Demand Inspection detection enabled
2024-04-08 19:54:45.655|I|Thread-1|[20240408_195442] executing F:\Projects\tn5250j\TN5250\artifact\script\TN5250.xlsx with 1 iteration(s)
2024-04-08 19:54:45.671|I|Thread-1|[20240408_195442] create directory F:\Projects\tn5250j\TN5250\output\20240408_195442\captures
2024-04-08 19:54:45.671|I|Thread-1|[20240408_195442] create directory F:\Projects\tn5250j\TN5250\output\20240408_195442\logs
2024-04-08 19:54:46.150|I|Thread-1|[20240408_195442] merging test data to tmp file F:\Projects\tn5250j\TN5250\output\20240408_195442\TN5250.20240408_195445.001.xlsx
2024-04-08 19:54:46.150|I|Thread-1|re-fetching data from F:\Projects\tn5250j\TN5250\artifact\data\TN5250.data.xlsx
2024-04-08 19:54:46.456|I|Thread-1|[20240408_195442] test script and test data merged to F:\Projects\tn5250j\TN5250\output\20240408_195442\TN5250.20240408_195445.001.xlsx
2024-04-08 19:54:47.223|I|Thread-1|STARTS
2024-04-08 19:54:48.343|I|Thread-1|resolving WPS Spreadsheet as 'C:\Users\al5171\AppData\Local\Kingsoft\WPS Office\12.2.0.13489\office6\et.exe
2024-04-08 19:54:48.358|I|Thread-1|TN5250.20240408_195445.001 - executing iteration #1 of 1; Iteration Id 1
2024-04-08 19:54:48.374|I|Thread-1|TN5250.20240408_195445.001|init - executing test scenario
2024-04-08 19:54:48.374|I|Thread-1|TN5250.20240408_195445.001|init|startRecording - executing activity
2024-04-08 19:54:48.374|I|Thread-1|TN5250.20240408_195445.001|init|startRecording|#  5|base.startRecording()     - executing startRecording()()
2024-04-08 19:54:49.136|I|Thread-1|[ROW 5] start recording to 'F:\Projects\tn5250j\TN5250\output\20240408_195442\captures\TN5250.20240408_195445.001.xlsx_init_A5.mp4'
2024-04-08 19:54:51.379|I|Thread-1|TN5250.20240408_195445.001|init|startRecording|#  5|base.startRecording()     - PASS desktop recording started; saved F:\Projects\tn5250j\TN5250\output\20240408_195442\captures\TN5250.20240408_195445.001.xlsx_init_A5.mp4
2024-04-08 19:54:51.379|I|Thread-1|TN5250.20240408_195445.001|init|startRecording - ending activity
2024-04-08 19:54:51.549|I|Thread-1|[TN5250.20240408_195445.001|init] saving test scenario
2024-04-08 19:54:52.052|I|Thread-1|TN5250.20240408_195445.001|connectAndLogin - executing test scenario
2024-04-08 19:54:52.052|I|Thread-1|TN5250.20240408_195445.001|connectAndLogin|openProfile - executing activity
2024-04-08 19:54:52.052|I|Thread-1|TN5250.20240408_195445.001|connectAndLogin|openProfile|#  5|tn.5250.open(profile)     - executing open(profile)(pub400)
2024-04-08 19:54:52.668|I|Thread-1|switching current TN5250 profile to 'pub400'
2024-04-08 19:55:02.932|I|Thread-1|TN5250.20240408_195445.001|connectAndLogin|openProfile|#  5|tn.5250.open(profile)     - PASS TN5250 session 'pub400' started
2024-04-08 19:55:02.932|I|Thread-1|TN5250.20240408_195445.001|connectAndLogin|openProfile|#  6|tn.5250.inspectScreen()   - executing inspectScreen()()
2024-04-08 19:55:05.063|I|Thread-1|TN5250.20240408_195445.001|connectAndLogin|openProfile|#  6|tn.5250.inspectScreen()   - PASS Inspected TN5250 session 'pub400'; 2 input fields
2024-04-08 19:55:05.063|I|Thread-1|TN5250.20240408_195445.001|connectAndLogin|openProfile|#  7|base.assertEqual(expected - executing assertEqual(expected,actual)(2, ${pub400.screen}.inputFieldCount)
2024-04-08 19:55:06.087|I|Thread-1|TN5250.20240408_195445.001|connectAndLogin|openProfile|#  7|base.assertEqual(expected - PASS validated EXPECTED = ACTUAL; '2' = '2'
2024-04-08 19:55:06.094|I|Thread-1|TN5250.20240408_195445.001|connectAndLogin|openProfile|#  8|base.assertContains(text, - executing assertContains(text,substring)(${pub400.screen}.text, Your user name:)
2024-04-08 19:55:06.732|I|Thread-1|TN5250.20240408_195445.001|connectAndLogin|openProfile|#  8|base.assertContains(text, - PASS validated text '        Welcome to PUB400.COM * your public IBM i server                       
                                              Server name . . . :   PUB400     
                                              Subsystem . . . . :   QINTER     
                                              Display name. . . :   PUB400.RZK 
Your user name:                                                                 
Password (max. 128):                                                            
               ...' contains 'Your user name:'
2024-04-08 19:55:06.732|I|Thread-1|TN5250.20240408_195445.001|connectAndLogin|openProfile|#  9|tn.5250.assertMessageMatc - executing assertMessageMatch(expects)((C) COPYRIGHT IBM CORP. 1980, 2021.)
2024-04-08 19:55:07.357|I|Thread-1|TN5250.20240408_195445.001|connectAndLogin|openProfile|#  9|tn.5250.assertMessageMatc - PASS Screen message equals to '(C) COPYRIGHT IBM CORP. 1980, 2021.'
2024-04-08 19:55:07.357|I|Thread-1|TN5250.20240408_195445.001|connectAndLogin|openProfile - ending activity
2024-04-08 19:55:07.357|I|Thread-1|TN5250.20240408_195445.001|connectAndLogin|login - executing activity
2024-04-08 19:55:07.357|I|Thread-1|TN5250.20240408_195445.001|connectAndLogin|login|# 10|tn.5250.typeKeys(keystrok - executing typeKeys(keystrokes)(${pub400.username})
2024-04-08 19:55:07.989|I|Thread-1|TN5250.20240408_195445.001|connectAndLogin|login|# 10|tn.5250.typeKeys(keystrok - PASS TN5250 session 'pub400' processed key event
2024-04-08 19:55:07.989|I|Thread-1|TN5250.20240408_195445.001|connectAndLogin|login|# 11|tn.5250.typeKeys(keystrok - executing typeKeys(keystrokes)({TAB})
2024-04-08 19:55:08.614|I|Thread-1|TN5250.20240408_195445.001|connectAndLogin|login|# 11|tn.5250.typeKeys(keystrok - PASS TN5250 session 'pub400' processed key event
2024-04-08 19:55:08.614|I|Thread-1|TN5250.20240408_195445.001|connectAndLogin|login|# 12|tn.5250.typeKeys(keystrok - executing typeKeys(keystrokes)(${pub400.password})
2024-04-08 19:55:09.248|I|Thread-1|TN5250.20240408_195445.001|connectAndLogin|login|# 12|tn.5250.typeKeys(keystrok - PASS TN5250 session 'pub400' processed key event
2024-04-08 19:55:09.248|I|Thread-1|TN5250.20240408_195445.001|connectAndLogin|login|# 13|tn.5250.typeKeys(keystrok - executing typeKeys(keystrokes)({ENTER})
2024-04-08 19:55:09.891|I|Thread-1|TN5250.20240408_195445.001|connectAndLogin|login|# 13|tn.5250.typeKeys(keystrok - PASS TN5250 session 'pub400' processed key event
2024-04-08 19:55:09.891|I|Thread-1|TN5250.20240408_195445.001|connectAndLogin|login|# 14|tn.5250.typeKeys(keystrok - executing typeKeys(keystrokes)({F12})
2024-04-08 19:55:10.522|I|Thread-1|TN5250.20240408_195445.001|connectAndLogin|login|# 14|tn.5250.typeKeys(keystrok - PASS TN5250 session 'pub400' processed key event
2024-04-08 19:55:10.538|I|Thread-1|TN5250.20240408_195445.001|connectAndLogin|login - ending activity
2024-04-08 19:55:10.680|I|Thread-1|[TN5250.20240408_195445.001|connectAndLogin] saving test scenario
2024-04-08 19:55:10.905|I|Thread-1|TN5250.20240408_195445.001|CRUD - executing test scenario
2024-04-08 19:55:10.908|I|Thread-1|TN5250.20240408_195445.001|CRUD|mainScreen - executing activity
2024-04-08 19:55:10.909|I|Thread-1|TN5250.20240408_195445.001|CRUD|mainScreen|#  5|tn.5250.inspectScreen()   - executing inspectScreen()()
2024-04-08 19:55:13.034|I|Thread-1|[WARNING] Unmapped field(s) found in line 4
2024-04-08 19:55:13.034|I|Thread-1|TN5250.20240408_195445.001|CRUD|mainScreen|#  5|tn.5250.inspectScreen()   - PASS Inspected TN5250 session 'pub400'; 2 input fields
2024-04-08 19:55:13.034|I|Thread-1|TN5250.20240408_195445.001|CRUD|mainScreen|#  6|base.waitFor(waitMs)      - executing waitFor(waitMs)(${wait})
2024-04-08 19:55:18.674|I|Thread-1|TN5250.20240408_195445.001|CRUD|mainScreen|#  6|base.waitFor(waitMs)      - PASS 
2024-04-08 19:55:18.685|I|Thread-1|TN5250.20240408_195445.001|CRUD|mainScreen|#  7|tn.5250.assertTitle(expec - executing assertTitle(expects)(IBM i Main Menu)
2024-04-08 19:55:19.380|E|Thread-1|TN5250.20240408_195445.001|CRUD|mainScreen|#  7|tn.5250.assertTitle(expec - FAIL Title DOES NOT equal to 'IBM i Main Menu'
2024-04-08 19:55:19.380|I|Thread-1|TN5250.20240408_195445.001|CRUD|mainScreen|#  8|tn.5250.assertMessageMatc - executing assertMessageMatch(expects)((C) COPYRIGHT IBM CORP. 1980, 2021.)
2024-04-08 19:55:20.011|I|Thread-1|TN5250.20240408_195445.001|CRUD|mainScreen|#  8|tn.5250.assertMessageMatc - PASS Screen message equals to '(C) COPYRIGHT IBM CORP. 1980, 2021.'
2024-04-08 19:55:20.011|I|Thread-1|TN5250.20240408_195445.001|CRUD|mainScreen|#  9|base.assertContains(text, - executing assertContains(text,substring)(${pub400.screen}.text, releases)
2024-04-08 19:55:20.736|E|Thread-1|TN5250.20240408_195445.001|CRUD|mainScreen|#  9|base.assertContains(text, - FAIL 'releases' NOT contained in '        Welcome to PUB400.COM * your public IBM i server                       
                                              Server name . . . :   PUB400     
                                              Subsystem . . . . :   QINTER     
                                              Display name. . . :   PUB400.RZK 
Your user name:         RIYA                                                    
Password (max. 128):                                                            
               ...'
2024-04-08 19:55:20.736|I|Thread-1|TN5250.20240408_195445.001|CRUD|mainScreen|# 10|base.assertEqual(expected - executing assertEqual(expected,actual)(PUB400, ${pub400.screen}.fieldValue[System])
2024-04-08 19:55:21.430|E|Thread-1|Check corresponding error log for details: F:\Projects\tn5250j\TN5250\output\20240408_195442\logs\TN5250.20240408_195445.001.xlsx_CRUD_A10.log
2024-04-08 19:55:21.430|E|Thread-1|TN5250.20240408_195445.001|CRUD|mainScreen|# 10|base.assertEqual(expected - FAIL 
expected=PUB400
actual  =<empty>
2024-04-08 19:55:21.430|E|Thread-1|TN5250.20240408_195445.001|CRUD|mainScreen|# 10|base.assertEqual(expected - Error log: F:\Projects\tn5250j\TN5250\output\20240408_195442\logs\TN5250.20240408_195445.001.xlsx_CRUD_A10.log
2024-04-08 19:55:21.446|I|Thread-1|TN5250.20240408_195445.001|CRUD|mainScreen|# 11|tn.5250.typeKeys(keystrok - executing typeKeys(keystrokes)(${strsql})
2024-04-08 19:55:22.078|I|Thread-1|TN5250.20240408_195445.001|CRUD|mainScreen|# 11|tn.5250.typeKeys(keystrok - PASS TN5250 session 'pub400' processed key event
2024-04-08 19:55:22.078|I|Thread-1|TN5250.20240408_195445.001|CRUD|mainScreen|# 12|tn.5250.typeKeys(keystrok - executing typeKeys(keystrokes)({ENTER})
2024-04-08 19:55:22.709|I|Thread-1|TN5250.20240408_195445.001|CRUD|mainScreen|# 12|tn.5250.typeKeys(keystrok - PASS TN5250 session 'pub400' processed key event
2024-04-08 19:55:22.709|I|Thread-1|TN5250.20240408_195445.001|CRUD|mainScreen|# 13|tn.5250.inspectScreen()   - executing inspectScreen()()
2024-04-08 19:55:24.834|I|Thread-1|TN5250.20240408_195445.001|CRUD|mainScreen|# 13|tn.5250.inspectScreen()   - PASS Inspected TN5250 session 'pub400'; 0 input fields
2024-04-08 19:55:24.834|I|Thread-1|TN5250.20240408_195445.001|CRUD|mainScreen|# 14|base.waitFor(waitMs)      - executing waitFor(waitMs)(${wait})
2024-04-08 19:55:30.469|I|Thread-1|TN5250.20240408_195445.001|CRUD|mainScreen|# 14|base.waitFor(waitMs)      - PASS 
2024-04-08 19:55:30.469|I|Thread-1|TN5250.20240408_195445.001|CRUD|mainScreen - ending activity
2024-04-08 19:55:30.469|I|Thread-1|TN5250.20240408_195445.001|CRUD|listOfStudents - executing activity
2024-04-08 19:55:30.469|I|Thread-1|TN5250.20240408_195445.001|CRUD|listOfStudents|# 15|tn.5250.typeKeys(keystrok - executing typeKeys(keystrokes)(${getListOfStudents})
2024-04-08 19:55:31.094|I|Thread-1|TN5250.20240408_195445.001|CRUD|listOfStudents|# 15|tn.5250.typeKeys(keystrok - PASS TN5250 session 'pub400' processed key event
2024-04-08 19:55:31.094|I|Thread-1|TN5250.20240408_195445.001|CRUD|listOfStudents|# 16|tn.5250.typeKeys(keystrok - executing typeKeys(keystrokes)({ENTER})
2024-04-08 19:55:31.742|I|Thread-1|TN5250.20240408_195445.001|CRUD|listOfStudents|# 16|tn.5250.typeKeys(keystrok - PASS TN5250 session 'pub400' processed key event
2024-04-08 19:55:31.742|I|Thread-1|TN5250.20240408_195445.001|CRUD|listOfStudents|# 17|base.waitFor(waitMs)      - executing waitFor(waitMs)(${wait})
2024-04-08 19:55:37.374|I|Thread-1|TN5250.20240408_195445.001|CRUD|listOfStudents|# 17|base.waitFor(waitMs)      - PASS 
2024-04-08 19:55:37.374|I|Thread-1|TN5250.20240408_195445.001|CRUD|listOfStudents|# 18|tn.5250.saveScreenText(va - executing saveScreenText(var)(table)
2024-04-08 19:55:38.004|I|Thread-1|TN5250.20240408_195445.001|CRUD|listOfStudents|# 18|tn.5250.saveScreenText(va - PASS 
2024-04-08 19:55:38.004|I|Thread-1|TN5250.20240408_195445.001|CRUD|listOfStudents|# 19|base.waitFor(waitMs)      - executing waitFor(waitMs)(${wait})
2024-04-08 19:55:43.641|I|Thread-1|TN5250.20240408_195445.001|CRUD|listOfStudents|# 19|base.waitFor(waitMs)      - PASS 
2024-04-08 19:55:43.642|I|Thread-1|TN5250.20240408_195445.001|CRUD|listOfStudents|# 20|tn.5250.typeKeys(keystrok - executing typeKeys(keystrokes)({F3})
2024-04-08 19:55:44.279|I|Thread-1|TN5250.20240408_195445.001|CRUD|listOfStudents|# 20|tn.5250.typeKeys(keystrok - PASS TN5250 session 'pub400' processed key event
2024-04-08 19:55:44.279|I|Thread-1|TN5250.20240408_195445.001|CRUD|listOfStudents - ending activity
2024-04-08 19:55:44.279|I|Thread-1|TN5250.20240408_195445.001|CRUD|switchToBrowser - executing activity
2024-04-08 19:55:44.279|I|Thread-1|TN5250.20240408_195445.001|CRUD|switchToBrowser|# 21|base.substringBetween(tex - executing substringBetween(text,start,end,saveVar)(${table}, JNTU, 2, college)
2024-04-08 19:55:44.935|I|Thread-1|TN5250.20240408_195445.001|CRUD|switchToBrowser|# 21|base.substringBetween(tex - PASS substring '       https://jntuh.ac.in/                    
       ' stored to ${college}
2024-04-08 19:55:44.935|I|Thread-1|TN5250.20240408_195445.001|CRUD|switchToBrowser|# 22|base.save(var,value)      - executing save(var,value)(extractedcollegeUrl, [TEXT(${college}) => trim])
2024-04-08 19:55:45.586|I|Thread-1|TN5250.20240408_195445.001|CRUD|switchToBrowser|# 22|base.save(var,value)      - PASS stored 'https://jntuh.ac.in/' as ${extractedcollegeUrl}
2024-04-08 19:55:45.586|I|Thread-1|TN5250.20240408_195445.001|CRUD|switchToBrowser|# 23|web.open(url)             - executing open(url)(${extractedcollegeUrl})
2024-04-08 19:55:45.601|I|Thread-1|[chrome] initializing chrome
2024-04-08 19:55:45.637|I|Thread-1|[chrome] enabling chrome remote port: 45396
2024-04-08 19:55:48.712|I|Thread-1|[chrome] initializing for chrome 123.0.6312.86
2024-04-08 19:55:48.855|I|Thread-1|[DISPLAY] Currently discovered display(s):
2024-04-08 19:55:48.870|I|Thread-1|	1920x1080x32bpp@60Hz
2024-04-08 19:55:48.870|I|Thread-1|[DISPLAY] adjust position to display 1920x1080x32bpp@60Hz
2024-04-08 19:55:48.888|I|Thread-1|[DISPLAY] adjusting position within the bounds of target display: x=0,y=0,width=1280,height=720
2024-04-08 19:55:48.888|I|Thread-1|[DISPLAY] position adjusted to (640, 250)
2024-04-08 19:55:49.013|I|Thread-1|[chrome] browser initialization completed for 'chrome'
2024-04-08 19:55:49.031|I|Thread-1|[chrome] setting browser page load timeout to 15000 ms
2024-04-08 19:55:49.031|I|Thread-1|[chrome] detected nexial.web.alwaysWait; use fluent-wait (up to 1500 ms) during web automation
2024-04-08 19:55:58.504|I|Thread-1|TN5250.20240408_195445.001|CRUD|switchToBrowser|# 23|web.open(url)             - PASS opened URL https://jntuh.ac.in/
2024-04-08 19:55:58.505|I|Thread-1|TN5250.20240408_195445.001|CRUD|switchToBrowser|# 24|web.saveLocation(var)     - executing saveLocation(var)(currentUrl)
2024-04-08 19:55:59.174|I|Thread-1|TN5250.20240408_195445.001|CRUD|switchToBrowser|# 24|web.saveLocation(var)     - PASS stored current URL as ${currentUrl}
2024-04-08 19:55:59.174|I|Thread-1|TN5250.20240408_195445.001|CRUD|switchToBrowser|# 25|web.close()               - executing close()()
2024-04-08 19:56:01.982|I|Thread-1|[chrome] Shutting down webdriver...
2024-04-08 19:56:01.982|I|Thread-1|[chrome] Close the current window...
2024-04-08 19:56:01.982|I|Thread-1|[chrome] Quit this driver, closing every associated window.
2024-04-08 19:56:03.023|I|Thread-1|TN5250.20240408_195445.001|CRUD|switchToBrowser|# 25|web.close()               - PASS closed last tab/window
2024-04-08 19:56:03.023|I|Thread-1|TN5250.20240408_195445.001|CRUD|switchToBrowser|# 26|tn.5250.typeKeys(keystrok - executing typeKeys(keystrokes)({F3})
2024-04-08 19:56:03.654|I|Thread-1|TN5250.20240408_195445.001|CRUD|switchToBrowser|# 26|tn.5250.typeKeys(keystrok - PASS TN5250 session 'pub400' processed key event
2024-04-08 19:56:03.655|I|Thread-1|TN5250.20240408_195445.001|CRUD|switchToBrowser|# 27|tn.5250.typeKeys(keystrok - executing typeKeys(keystrokes)(3)
2024-04-08 19:56:04.281|I|Thread-1|TN5250.20240408_195445.001|CRUD|switchToBrowser|# 27|tn.5250.typeKeys(keystrok - PASS TN5250 session 'pub400' processed key event
2024-04-08 19:56:04.281|I|Thread-1|TN5250.20240408_195445.001|CRUD|switchToBrowser|# 28|tn.5250.typeKeys(keystrok - executing typeKeys(keystrokes)({ENTER})
2024-04-08 19:56:04.918|I|Thread-1|TN5250.20240408_195445.001|CRUD|switchToBrowser|# 28|tn.5250.typeKeys(keystrok - PASS TN5250 session 'pub400' processed key event
2024-04-08 19:56:04.918|I|Thread-1|TN5250.20240408_195445.001|CRUD|switchToBrowser - ending activity
2024-04-08 19:56:04.918|I|Thread-1|TN5250.20240408_195445.001|CRUD|addStudent - executing activity
2024-04-08 19:56:04.918|I|Thread-1|TN5250.20240408_195445.001|CRUD|addStudent|# 29|tn.5250.typeKeys(keystrok - executing typeKeys(keystrokes)(${addStudent})
2024-04-08 19:56:05.537|I|Thread-1|TN5250.20240408_195445.001|CRUD|addStudent|# 29|tn.5250.typeKeys(keystrok - PASS TN5250 session 'pub400' processed key event
2024-04-08 19:56:05.537|I|Thread-1|TN5250.20240408_195445.001|CRUD|addStudent|# 30|tn.5250.typeKeys(keystrok - executing typeKeys(keystrokes)({ENTER})
2024-04-08 19:56:06.162|I|Thread-1|TN5250.20240408_195445.001|CRUD|addStudent|# 30|tn.5250.typeKeys(keystrok - PASS TN5250 session 'pub400' processed key event
2024-04-08 19:56:06.162|I|Thread-1|TN5250.20240408_195445.001|CRUD|addStudent|# 31|base.waitFor(waitMs)      - executing waitFor(waitMs)(${wait})
2024-04-08 19:56:11.790|I|Thread-1|TN5250.20240408_195445.001|CRUD|addStudent|# 31|base.waitFor(waitMs)      - PASS 
2024-04-08 19:56:11.790|I|Thread-1|TN5250.20240408_195445.001|CRUD|addStudent|# 32|tn.5250.typeKeys(keystrok - executing typeKeys(keystrokes)({F3})
2024-04-08 19:56:12.422|I|Thread-1|TN5250.20240408_195445.001|CRUD|addStudent|# 32|tn.5250.typeKeys(keystrok - PASS TN5250 session 'pub400' processed key event
2024-04-08 19:56:12.422|I|Thread-1|TN5250.20240408_195445.001|CRUD|addStudent|# 33|tn.5250.inspectScreen()   - executing inspectScreen()()
2024-04-08 19:56:14.561|I|Thread-1|TN5250.20240408_195445.001|CRUD|addStudent|# 33|tn.5250.inspectScreen()   - PASS Inspected TN5250 session 'pub400'; 1 input fields
2024-04-08 19:56:14.562|I|Thread-1|TN5250.20240408_195445.001|CRUD|addStudent|# 34|tn.5250.typeKeys(keystrok - executing typeKeys(keystrokes)(3)
2024-04-08 19:56:15.191|I|Thread-1|TN5250.20240408_195445.001|CRUD|addStudent|# 34|tn.5250.typeKeys(keystrok - PASS TN5250 session 'pub400' processed key event
2024-04-08 19:56:15.191|I|Thread-1|TN5250.20240408_195445.001|CRUD|addStudent|# 35|tn.5250.typeKeys(keystrok - executing typeKeys(keystrokes)({ENTER})
2024-04-08 19:56:15.813|I|Thread-1|TN5250.20240408_195445.001|CRUD|addStudent|# 35|tn.5250.typeKeys(keystrok - PASS TN5250 session 'pub400' processed key event
2024-04-08 19:56:15.813|I|Thread-1|TN5250.20240408_195445.001|CRUD|addStudent|# 36|tn.5250.typeKeys(keystrok - executing typeKeys(keystrokes)(${getListOfStudents})
2024-04-08 19:56:16.437|I|Thread-1|TN5250.20240408_195445.001|CRUD|addStudent|# 36|tn.5250.typeKeys(keystrok - PASS TN5250 session 'pub400' processed key event
2024-04-08 19:56:16.437|I|Thread-1|TN5250.20240408_195445.001|CRUD|addStudent|# 37|tn.5250.typeKeys(keystrok - executing typeKeys(keystrokes)({ENTER})
2024-04-08 19:56:17.071|I|Thread-1|TN5250.20240408_195445.001|CRUD|addStudent|# 37|tn.5250.typeKeys(keystrok - PASS TN5250 session 'pub400' processed key event
2024-04-08 19:56:17.071|I|Thread-1|TN5250.20240408_195445.001|CRUD|addStudent|# 38|base.waitFor(waitMs)      - executing waitFor(waitMs)(${wait})
2024-04-08 19:56:22.687|I|Thread-1|TN5250.20240408_195445.001|CRUD|addStudent|# 38|base.waitFor(waitMs)      - PASS 
2024-04-08 19:56:22.687|I|Thread-1|TN5250.20240408_195445.001|CRUD|addStudent|# 39|tn.5250.typeKeys(keystrok - executing typeKeys(keystrokes)({F3})
2024-04-08 19:56:23.317|I|Thread-1|TN5250.20240408_195445.001|CRUD|addStudent|# 39|tn.5250.typeKeys(keystrok - PASS TN5250 session 'pub400' processed key event
2024-04-08 19:56:23.317|I|Thread-1|TN5250.20240408_195445.001|CRUD|addStudent - ending activity
2024-04-08 19:56:23.317|I|Thread-1|TN5250.20240408_195445.001|CRUD|updateStudentRecord - executing activity
2024-04-08 19:56:23.317|I|Thread-1|TN5250.20240408_195445.001|CRUD|updateStudentRecord|# 40|tn.5250.typeKeys(keystrok - executing typeKeys(keystrokes)(${updateStudent})
2024-04-08 19:56:23.920|I|Thread-1|TN5250.20240408_195445.001|CRUD|updateStudentRecord|# 40|tn.5250.typeKeys(keystrok - PASS TN5250 session 'pub400' processed key event
2024-04-08 19:56:23.920|I|Thread-1|TN5250.20240408_195445.001|CRUD|updateStudentRecord|# 41|tn.5250.typeKeys(keystrok - executing typeKeys(keystrokes)({ENTER})
2024-04-08 19:56:24.554|I|Thread-1|TN5250.20240408_195445.001|CRUD|updateStudentRecord|# 41|tn.5250.typeKeys(keystrok - PASS TN5250 session 'pub400' processed key event
2024-04-08 19:56:24.554|I|Thread-1|TN5250.20240408_195445.001|CRUD|updateStudentRecord|# 42|base.waitFor(waitMs)      - executing waitFor(waitMs)(${wait})
2024-04-08 19:56:30.196|I|Thread-1|TN5250.20240408_195445.001|CRUD|updateStudentRecord|# 42|base.waitFor(waitMs)      - PASS 
2024-04-08 19:56:30.196|I|Thread-1|TN5250.20240408_195445.001|CRUD|updateStudentRecord|# 43|tn.5250.typeKeys(keystrok - executing typeKeys(keystrokes)(${getListOfStudents})
2024-04-08 19:56:30.822|I|Thread-1|TN5250.20240408_195445.001|CRUD|updateStudentRecord|# 43|tn.5250.typeKeys(keystrok - PASS TN5250 session 'pub400' processed key event
2024-04-08 19:56:30.822|I|Thread-1|TN5250.20240408_195445.001|CRUD|updateStudentRecord|# 44|tn.5250.typeKeys(keystrok - executing typeKeys(keystrokes)({ENTER})
2024-04-08 19:56:31.451|I|Thread-1|TN5250.20240408_195445.001|CRUD|updateStudentRecord|# 44|tn.5250.typeKeys(keystrok - PASS TN5250 session 'pub400' processed key event
2024-04-08 19:56:31.451|I|Thread-1|TN5250.20240408_195445.001|CRUD|updateStudentRecord|# 45|tn.5250.typeKeys(keystrok - executing typeKeys(keystrokes)({F3})
2024-04-08 19:56:32.077|I|Thread-1|TN5250.20240408_195445.001|CRUD|updateStudentRecord|# 45|tn.5250.typeKeys(keystrok - PASS TN5250 session 'pub400' processed key event
2024-04-08 19:56:32.077|I|Thread-1|TN5250.20240408_195445.001|CRUD|updateStudentRecord|# 46|base.waitFor(waitMs)      - executing waitFor(waitMs)(${wait})
2024-04-08 19:56:37.695|I|Thread-1|TN5250.20240408_195445.001|CRUD|updateStudentRecord|# 46|base.waitFor(waitMs)      - PASS 
2024-04-08 19:56:37.695|I|Thread-1|TN5250.20240408_195445.001|CRUD|updateStudentRecord - ending activity
2024-04-08 19:56:37.695|I|Thread-1|TN5250.20240408_195445.001|CRUD|deleteRecord - executing activity
2024-04-08 19:56:37.695|I|Thread-1|TN5250.20240408_195445.001|CRUD|deleteRecord|# 47|tn.5250.typeKeys(keystrok - executing typeKeys(keystrokes)(${deleteStudent})
2024-04-08 19:56:38.336|I|Thread-1|TN5250.20240408_195445.001|CRUD|deleteRecord|# 47|tn.5250.typeKeys(keystrok - PASS TN5250 session 'pub400' processed key event
2024-04-08 19:56:38.336|I|Thread-1|TN5250.20240408_195445.001|CRUD|deleteRecord|# 48|tn.5250.typeKeys(keystrok - executing typeKeys(keystrokes)({ENTER})
2024-04-08 19:56:38.962|I|Thread-1|TN5250.20240408_195445.001|CRUD|deleteRecord|# 48|tn.5250.typeKeys(keystrok - PASS TN5250 session 'pub400' processed key event
2024-04-08 19:56:38.962|I|Thread-1|TN5250.20240408_195445.001|CRUD|deleteRecord|# 49|tn.5250.inspectScreen()   - executing inspectScreen()()
2024-04-08 19:56:41.080|I|Thread-1|TN5250.20240408_195445.001|CRUD|deleteRecord|# 49|tn.5250.inspectScreen()   - PASS Inspected TN5250 session 'pub400'; 4 input fields
2024-04-08 19:56:41.080|I|Thread-1|TN5250.20240408_195445.001|CRUD|deleteRecord|# 50|tn.5250.typeKeys(keystrok - executing typeKeys(keystrokes)(${getListOfStudents})
2024-04-08 19:56:41.711|I|Thread-1|TN5250.20240408_195445.001|CRUD|deleteRecord|# 50|tn.5250.typeKeys(keystrok - PASS TN5250 session 'pub400' processed key event
2024-04-08 19:56:41.711|I|Thread-1|TN5250.20240408_195445.001|CRUD|deleteRecord|# 51|tn.5250.typeKeys(keystrok - executing typeKeys(keystrokes)({ENTER})
2024-04-08 19:56:42.339|I|Thread-1|TN5250.20240408_195445.001|CRUD|deleteRecord|# 51|tn.5250.typeKeys(keystrok - PASS TN5250 session 'pub400' processed key event
2024-04-08 19:56:42.339|I|Thread-1|TN5250.20240408_195445.001|CRUD|deleteRecord|# 52|base.waitFor(waitMs)      - executing waitFor(waitMs)(${wait})
2024-04-08 19:56:47.956|I|Thread-1|TN5250.20240408_195445.001|CRUD|deleteRecord|# 52|base.waitFor(waitMs)      - PASS 
2024-04-08 19:56:47.956|I|Thread-1|TN5250.20240408_195445.001|CRUD|deleteRecord|# 53|tn.5250.typeKeys(keystrok - executing typeKeys(keystrokes)({F3})
2024-04-08 19:56:48.583|I|Thread-1|TN5250.20240408_195445.001|CRUD|deleteRecord|# 53|tn.5250.typeKeys(keystrok - PASS TN5250 session 'pub400' processed key event
2024-04-08 19:56:48.583|I|Thread-1|TN5250.20240408_195445.001|CRUD|deleteRecord|# 54|tn.5250.typeKeys(keystrok - executing typeKeys(keystrokes)({F3})
2024-04-08 19:56:49.213|I|Thread-1|TN5250.20240408_195445.001|CRUD|deleteRecord|# 54|tn.5250.typeKeys(keystrok - PASS TN5250 session 'pub400' processed key event
2024-04-08 19:56:49.213|I|Thread-1|TN5250.20240408_195445.001|CRUD|deleteRecord|# 55|tn.5250.typeKeys(keystrok - executing typeKeys(keystrokes)(2)
2024-04-08 19:56:49.830|I|Thread-1|TN5250.20240408_195445.001|CRUD|deleteRecord|# 55|tn.5250.typeKeys(keystrok - PASS TN5250 session 'pub400' processed key event
2024-04-08 19:56:49.830|I|Thread-1|TN5250.20240408_195445.001|CRUD|deleteRecord|# 56|tn.5250.typeKeys(keystrok - executing typeKeys(keystrokes)({ENTER})
2024-04-08 19:56:50.461|I|Thread-1|TN5250.20240408_195445.001|CRUD|deleteRecord|# 56|tn.5250.typeKeys(keystrok - PASS TN5250 session 'pub400' processed key event
2024-04-08 19:56:50.473|I|Thread-1|TN5250.20240408_195445.001|CRUD|deleteRecord - ending activity
2024-04-08 19:56:50.761|I|Thread-1|[TN5250.20240408_195445.001|CRUD] saving test scenario
2024-04-08 19:56:50.901|I|Thread-1|TN5250.20240408_195445.001|NavigateMenuScreens - executing test scenario
2024-04-08 19:56:50.901|I|Thread-1|TN5250.20240408_195445.001|NavigateMenuScreens|navigateMenuScreen - executing activity
2024-04-08 19:56:50.901|I|Thread-1|TN5250.20240408_195445.001|NavigateMenuScreens|navigateMenuScreen|#  5|tn.5250.inspectScreen()   - executing inspectScreen()()
2024-04-08 19:56:53.024|I|Thread-1|TN5250.20240408_195445.001|NavigateMenuScreens|navigateMenuScreen|#  5|tn.5250.inspectScreen()   - PASS Inspected TN5250 session 'pub400'; 0 input fields
2024-04-08 19:56:53.025|I|Thread-1|TN5250.20240408_195445.001|NavigateMenuScreens|navigateMenuScreen|#  6|tn.5250.typeKeys(keystrok - executing typeKeys(keystrokes)(9)
2024-04-08 19:56:53.666|I|Thread-1|TN5250.20240408_195445.001|NavigateMenuScreens|navigateMenuScreen|#  6|tn.5250.typeKeys(keystrok - PASS TN5250 session 'pub400' processed key event
2024-04-08 19:56:53.666|I|Thread-1|TN5250.20240408_195445.001|NavigateMenuScreens|navigateMenuScreen|#  7|tn.5250.typeKeys(keystrok - executing typeKeys(keystrokes)({ENTER})
2024-04-08 19:56:54.294|I|Thread-1|TN5250.20240408_195445.001|NavigateMenuScreens|navigateMenuScreen|#  7|tn.5250.typeKeys(keystrok - PASS TN5250 session 'pub400' processed key event
2024-04-08 19:56:54.294|I|Thread-1|TN5250.20240408_195445.001|NavigateMenuScreens|navigateMenuScreen|#  8|tn.5250.inspectScreen()   - executing inspectScreen()()
2024-04-08 19:56:56.419|I|Thread-1|TN5250.20240408_195445.001|NavigateMenuScreens|navigateMenuScreen|#  8|tn.5250.inspectScreen()   - PASS Inspected TN5250 session 'pub400'; 3 input fields
2024-04-08 19:56:56.419|I|Thread-1|TN5250.20240408_195445.001|NavigateMenuScreens|navigateMenuScreen|#  9|tn.5250.typeKeys(keystrok - executing typeKeys(keystrokes)(${menu})
2024-04-08 19:56:57.051|I|Thread-1|TN5250.20240408_195445.001|NavigateMenuScreens|navigateMenuScreen|#  9|tn.5250.typeKeys(keystrok - PASS TN5250 session 'pub400' processed key event
2024-04-08 19:56:57.051|I|Thread-1|TN5250.20240408_195445.001|NavigateMenuScreens|navigateMenuScreen|# 10|tn.5250.typeKeys(keystrok - executing typeKeys(keystrokes)({ENTER})
2024-04-08 19:56:57.683|I|Thread-1|TN5250.20240408_195445.001|NavigateMenuScreens|navigateMenuScreen|# 10|tn.5250.typeKeys(keystrok - PASS TN5250 session 'pub400' processed key event
2024-04-08 19:56:57.683|I|Thread-1|TN5250.20240408_195445.001|NavigateMenuScreens|navigateMenuScreen|# 11|tn.5250.inspectScreen()   - executing inspectScreen()()
2024-04-08 19:56:59.814|I|Thread-1|TN5250.20240408_195445.001|NavigateMenuScreens|navigateMenuScreen|# 11|tn.5250.inspectScreen()   - PASS Inspected TN5250 session 'pub400'; 1 input fields
2024-04-08 19:56:59.814|I|Thread-1|TN5250.20240408_195445.001|NavigateMenuScreens|navigateMenuScreen|# 12|tn.5250.typeKeys(keystrok - executing typeKeys(keystrokes)(1)
2024-04-08 19:57:00.459|I|Thread-1|TN5250.20240408_195445.001|NavigateMenuScreens|navigateMenuScreen|# 12|tn.5250.typeKeys(keystrok - PASS TN5250 session 'pub400' processed key event
2024-04-08 19:57:00.460|I|Thread-1|TN5250.20240408_195445.001|NavigateMenuScreens|navigateMenuScreen|# 13|tn.5250.typeKeys(keystrok - executing typeKeys(keystrokes)({ENTER})
2024-04-08 19:57:01.082|I|Thread-1|TN5250.20240408_195445.001|NavigateMenuScreens|navigateMenuScreen|# 13|tn.5250.typeKeys(keystrok - PASS TN5250 session 'pub400' processed key event
2024-04-08 19:57:01.082|I|Thread-1|TN5250.20240408_195445.001|NavigateMenuScreens|navigateMenuScreen|# 14|tn.5250.inspectScreen()   - executing inspectScreen()()
2024-04-08 19:57:03.243|I|Thread-1|TN5250.20240408_195445.001|NavigateMenuScreens|navigateMenuScreen|# 14|tn.5250.inspectScreen()   - PASS Inspected TN5250 session 'pub400'; 2 input fields
2024-04-08 19:57:03.243|I|Thread-1|TN5250.20240408_195445.001|NavigateMenuScreens|navigateMenuScreen - ending activity
2024-04-08 19:57:03.243|I|Thread-1|TN5250.20240408_195445.001|NavigateMenuScreens|saveDataAsCsv - executing activity
2024-04-08 19:57:03.243|I|Thread-1|TN5250.20240408_195445.001|NavigateMenuScreens|saveDataAsCsv|# 15|tn.5250.saveScreenText(va - executing saveScreenText(var)(listofstudents)
2024-04-08 19:57:03.885|I|Thread-1|TN5250.20240408_195445.001|NavigateMenuScreens|saveDataAsCsv|# 15|tn.5250.saveScreenText(va - PASS 
2024-04-08 19:57:03.885|I|Thread-1|TN5250.20240408_195445.001|NavigateMenuScreens|saveDataAsCsv|# 16|base.save(var,value)      - executing save(var,value)(start, ${stringStart})
2024-04-08 19:57:04.516|I|Thread-1|TN5250.20240408_195445.001|NavigateMenuScreens|saveDataAsCsv|# 16|base.save(var,value)      - PASS stored '....+....1....+....2....+....3....+....4....+....5....+....6....+....7..' as ${start}
2024-04-08 19:57:04.516|I|Thread-1|TN5250.20240408_195445.001|NavigateMenuScreens|saveDataAsCsv|# 17|base.save(var,value)      - executing save(var,value)(end, ${stringEnd})
2024-04-08 19:57:05.161|I|Thread-1|TN5250.20240408_195445.001|NavigateMenuScreens|saveDataAsCsv|# 17|base.save(var,value)      - PASS stored '****** ********  End of report  ********' as ${end}
2024-04-08 19:57:05.161|I|Thread-1|TN5250.20240408_195445.001|NavigateMenuScreens|saveDataAsCsv|# 18|base.save(var,value)      - executing save(var,value)(header, [TEXT(${listofstudents}) => between(${start},00000) removeLines(BLANK:true) trim replace(  ,\,) save($(syspath|out|fullpath)/op.csv)])
2024-04-08 19:57:05.777|I|Thread-1|content saved to 'F:\Projects\tn5250j\TN5250\output\20240408_195442\op.csv'
2024-04-08 19:57:05.808|I|Thread-1|TN5250.20240408_195445.001|NavigateMenuScreens|saveDataAsCsv|# 18|base.save(var,value)      - PASS stored 'STUDENT ID,STUDENT NAME,COLLEGE NAME,COLLEGE URL' as ${header}
2024-04-08 19:57:05.808|I|Thread-1|TN5250.20240408_195445.001|NavigateMenuScreens|saveDataAsCsv|# 19|base.save(var,value)      - executing save(var,value)(data, [TEXT(${listofstudents}) => between(${start},${end}) removeLines(CONTAIN:STUDENT)  removeLines(BLANK:true) csv(14,20,36,47) removeColumns(0) save($(syspath|out|fullpath)/op.csv,true)])
2024-04-08 19:57:06.471|I|Thread-1|content appended to 'F:\Projects\tn5250j\TN5250\output\20240408_195442\op.csv'
2024-04-08 19:57:06.501|I|Thread-1|TN5250.20240408_195445.001|NavigateMenuScreens|saveDataAsCsv|# 19|base.save(var,value)      - PASS stored '1,Harika,JNTU,https://jntuh.ac.in/
2,Shiva,KITS,https://nagpuruniversity.ac.in/
3,Priya,KITS,https://nagpuruniversity.ac.in/' as ${data}
2024-04-08 19:57:06.501|I|Thread-1|TN5250.20240408_195445.001|NavigateMenuScreens|saveDataAsCsv|# 20|tn.5250.typeKeys(keystrok - executing typeKeys(keystrokes)({F3})
2024-04-08 19:57:07.133|I|Thread-1|TN5250.20240408_195445.001|NavigateMenuScreens|saveDataAsCsv|# 20|tn.5250.typeKeys(keystrok - PASS TN5250 session 'pub400' processed key event
2024-04-08 19:57:07.133|I|Thread-1|TN5250.20240408_195445.001|NavigateMenuScreens|saveDataAsCsv - ending activity
2024-04-08 19:57:07.133|I|Thread-1|TN5250.20240408_195445.001|NavigateMenuScreens|addStudent - executing activity
2024-04-08 19:57:07.133|I|Thread-1|TN5250.20240408_195445.001|NavigateMenuScreens|addStudent|# 21|tn.5250.inspectScreen()   - executing inspectScreen()()
2024-04-08 19:57:09.264|I|Thread-1|TN5250.20240408_195445.001|NavigateMenuScreens|addStudent|# 21|tn.5250.inspectScreen()   - PASS Inspected TN5250 session 'pub400'; 1 input fields
2024-04-08 19:57:09.264|I|Thread-1|TN5250.20240408_195445.001|NavigateMenuScreens|addStudent|# 22|tn.5250.typeKeys(keystrok - executing typeKeys(keystrokes)(2)
2024-04-08 19:57:09.894|I|Thread-1|TN5250.20240408_195445.001|NavigateMenuScreens|addStudent|# 22|tn.5250.typeKeys(keystrok - PASS TN5250 session 'pub400' processed key event
2024-04-08 19:57:09.894|I|Thread-1|TN5250.20240408_195445.001|NavigateMenuScreens|addStudent|# 23|tn.5250.typeKeys(keystrok - executing typeKeys(keystrokes)({ENTER})
2024-04-08 19:57:10.523|I|Thread-1|TN5250.20240408_195445.001|NavigateMenuScreens|addStudent|# 23|tn.5250.typeKeys(keystrok - PASS TN5250 session 'pub400' processed key event
2024-04-08 19:57:10.523|I|Thread-1|TN5250.20240408_195445.001|NavigateMenuScreens|addStudent|# 24|tn.5250.typeKeys(keystrok - executing typeKeys(keystrokes)(${studentId})
2024-04-08 19:57:11.150|I|Thread-1|TN5250.20240408_195445.001|NavigateMenuScreens|addStudent|# 24|tn.5250.typeKeys(keystrok - PASS TN5250 session 'pub400' processed key event
2024-04-08 19:57:11.150|I|Thread-1|TN5250.20240408_195445.001|NavigateMenuScreens|addStudent|# 25|tn.5250.typeKeys(keystrok - executing typeKeys(keystrokes)({TAB})
2024-04-08 19:57:11.782|I|Thread-1|TN5250.20240408_195445.001|NavigateMenuScreens|addStudent|# 25|tn.5250.typeKeys(keystrok - PASS TN5250 session 'pub400' processed key event
2024-04-08 19:57:11.782|I|Thread-1|TN5250.20240408_195445.001|NavigateMenuScreens|addStudent|# 26|tn.5250.typeKeys(keystrok - executing typeKeys(keystrokes)(${studentName})
2024-04-08 19:57:12.430|I|Thread-1|TN5250.20240408_195445.001|NavigateMenuScreens|addStudent|# 26|tn.5250.typeKeys(keystrok - PASS TN5250 session 'pub400' processed key event
2024-04-08 19:57:12.432|I|Thread-1|TN5250.20240408_195445.001|NavigateMenuScreens|addStudent|# 27|tn.5250.typeKeys(keystrok - executing typeKeys(keystrokes)({TAB})
2024-04-08 19:57:13.064|I|Thread-1|TN5250.20240408_195445.001|NavigateMenuScreens|addStudent|# 27|tn.5250.typeKeys(keystrok - PASS TN5250 session 'pub400' processed key event
2024-04-08 19:57:13.064|I|Thread-1|TN5250.20240408_195445.001|NavigateMenuScreens|addStudent|# 28|tn.5250.typeKeys(keystrok - executing typeKeys(keystrokes)(${collegeName})
2024-04-08 19:57:13.703|I|Thread-1|TN5250.20240408_195445.001|NavigateMenuScreens|addStudent|# 28|tn.5250.typeKeys(keystrok - PASS TN5250 session 'pub400' processed key event
2024-04-08 19:57:13.703|I|Thread-1|TN5250.20240408_195445.001|NavigateMenuScreens|addStudent|# 29|tn.5250.typeKeys(keystrok - executing typeKeys(keystrokes)({TAB})
2024-04-08 19:57:14.326|I|Thread-1|TN5250.20240408_195445.001|NavigateMenuScreens|addStudent|# 29|tn.5250.typeKeys(keystrok - PASS TN5250 session 'pub400' processed key event
2024-04-08 19:57:14.326|I|Thread-1|TN5250.20240408_195445.001|NavigateMenuScreens|addStudent|# 30|tn.5250.typeKeys(keystrok - executing typeKeys(keystrokes)(${collegeUrl})
2024-04-08 19:57:14.945|I|Thread-1|TN5250.20240408_195445.001|NavigateMenuScreens|addStudent|# 30|tn.5250.typeKeys(keystrok - PASS TN5250 session 'pub400' processed key event
2024-04-08 19:57:14.945|I|Thread-1|TN5250.20240408_195445.001|NavigateMenuScreens|addStudent|# 31|tn.5250.typeKeys(keystrok - executing typeKeys(keystrokes)({ENTER})
2024-04-08 19:57:15.623|I|Thread-1|TN5250.20240408_195445.001|NavigateMenuScreens|addStudent|# 31|tn.5250.typeKeys(keystrok - PASS TN5250 session 'pub400' processed key event
2024-04-08 19:57:15.623|I|Thread-1|TN5250.20240408_195445.001|NavigateMenuScreens|addStudent|# 32|tn.5250.typeKeys(keystrok - executing typeKeys(keystrokes)({F3})
2024-04-08 19:57:16.253|I|Thread-1|TN5250.20240408_195445.001|NavigateMenuScreens|addStudent|# 32|tn.5250.typeKeys(keystrok - PASS TN5250 session 'pub400' processed key event
2024-04-08 19:57:16.253|I|Thread-1|TN5250.20240408_195445.001|NavigateMenuScreens|addStudent - ending activity
2024-04-08 19:57:16.253|I|Thread-1|TN5250.20240408_195445.001|NavigateMenuScreens|updateStudent - executing activity
2024-04-08 19:57:16.253|I|Thread-1|TN5250.20240408_195445.001|NavigateMenuScreens|updateStudent|# 33|tn.5250.inspectScreen()   - executing inspectScreen()()
2024-04-08 19:57:18.390|I|Thread-1|TN5250.20240408_195445.001|NavigateMenuScreens|updateStudent|# 33|tn.5250.inspectScreen()   - PASS Inspected TN5250 session 'pub400'; 1 input fields
2024-04-08 19:57:18.390|I|Thread-1|TN5250.20240408_195445.001|NavigateMenuScreens|updateStudent|# 34|tn.5250.typeKeys(keystrok - executing typeKeys(keystrokes)(3)
2024-04-08 19:57:19.018|I|Thread-1|TN5250.20240408_195445.001|NavigateMenuScreens|updateStudent|# 34|tn.5250.typeKeys(keystrok - PASS TN5250 session 'pub400' processed key event
2024-04-08 19:57:19.018|I|Thread-1|TN5250.20240408_195445.001|NavigateMenuScreens|updateStudent|# 35|tn.5250.typeKeys(keystrok - executing typeKeys(keystrokes)({ENTER})
2024-04-08 19:57:19.641|I|Thread-1|TN5250.20240408_195445.001|NavigateMenuScreens|updateStudent|# 35|tn.5250.typeKeys(keystrok - PASS TN5250 session 'pub400' processed key event
2024-04-08 19:57:19.641|I|Thread-1|TN5250.20240408_195445.001|NavigateMenuScreens|updateStudent|# 36|tn.5250.typeKeys(keystrok - executing typeKeys(keystrokes)(${studentId})
2024-04-08 19:57:20.262|I|Thread-1|TN5250.20240408_195445.001|NavigateMenuScreens|updateStudent|# 36|tn.5250.typeKeys(keystrok - PASS TN5250 session 'pub400' processed key event
2024-04-08 19:57:20.262|I|Thread-1|TN5250.20240408_195445.001|NavigateMenuScreens|updateStudent|# 37|tn.5250.typeKeys(keystrok - executing typeKeys(keystrokes)({TAB})
2024-04-08 19:57:20.893|I|Thread-1|TN5250.20240408_195445.001|NavigateMenuScreens|updateStudent|# 37|tn.5250.typeKeys(keystrok - PASS TN5250 session 'pub400' processed key event
2024-04-08 19:57:20.893|I|Thread-1|TN5250.20240408_195445.001|NavigateMenuScreens|updateStudent|# 38|tn.5250.typeKeys(keystrok - executing typeKeys(keystrokes)(${updatedStudentName})
2024-04-08 19:57:21.537|I|Thread-1|TN5250.20240408_195445.001|NavigateMenuScreens|updateStudent|# 38|tn.5250.typeKeys(keystrok - PASS TN5250 session 'pub400' processed key event
2024-04-08 19:57:21.537|I|Thread-1|TN5250.20240408_195445.001|NavigateMenuScreens|updateStudent|# 39|tn.5250.typeKeys(keystrok - executing typeKeys(keystrokes)({TAB})
2024-04-08 19:57:22.158|I|Thread-1|TN5250.20240408_195445.001|NavigateMenuScreens|updateStudent|# 39|tn.5250.typeKeys(keystrok - PASS TN5250 session 'pub400' processed key event
2024-04-08 19:57:22.158|I|Thread-1|TN5250.20240408_195445.001|NavigateMenuScreens|updateStudent|# 40|tn.5250.typeKeys(keystrok - executing typeKeys(keystrokes)(${collegeName})
2024-04-08 19:57:22.778|I|Thread-1|TN5250.20240408_195445.001|NavigateMenuScreens|updateStudent|# 40|tn.5250.typeKeys(keystrok - PASS TN5250 session 'pub400' processed key event
2024-04-08 19:57:22.778|I|Thread-1|TN5250.20240408_195445.001|NavigateMenuScreens|updateStudent|# 41|tn.5250.typeKeys(keystrok - executing typeKeys(keystrokes)({TAB})
2024-04-08 19:57:23.416|I|Thread-1|TN5250.20240408_195445.001|NavigateMenuScreens|updateStudent|# 41|tn.5250.typeKeys(keystrok - PASS TN5250 session 'pub400' processed key event
2024-04-08 19:57:23.416|I|Thread-1|TN5250.20240408_195445.001|NavigateMenuScreens|updateStudent|# 42|tn.5250.typeKeys(keystrok - executing typeKeys(keystrokes)(${collegeUrl})
2024-04-08 19:57:24.023|I|Thread-1|TN5250.20240408_195445.001|NavigateMenuScreens|updateStudent|# 42|tn.5250.typeKeys(keystrok - PASS TN5250 session 'pub400' processed key event
2024-04-08 19:57:24.023|I|Thread-1|TN5250.20240408_195445.001|NavigateMenuScreens|updateStudent|# 43|tn.5250.typeKeys(keystrok - executing typeKeys(keystrokes)({ENTER})
2024-04-08 19:57:24.748|I|Thread-1|TN5250.20240408_195445.001|NavigateMenuScreens|updateStudent|# 43|tn.5250.typeKeys(keystrok - PASS TN5250 session 'pub400' processed key event
2024-04-08 19:57:24.748|I|Thread-1|TN5250.20240408_195445.001|NavigateMenuScreens|updateStudent|# 44|tn.5250.typeKeys(keystrok - executing typeKeys(keystrokes)({F3})
2024-04-08 19:57:25.366|I|Thread-1|TN5250.20240408_195445.001|NavigateMenuScreens|updateStudent|# 44|tn.5250.typeKeys(keystrok - PASS TN5250 session 'pub400' processed key event
2024-04-08 19:57:25.379|I|Thread-1|TN5250.20240408_195445.001|NavigateMenuScreens|updateStudent - ending activity
2024-04-08 19:57:25.379|I|Thread-1|TN5250.20240408_195445.001|NavigateMenuScreens|deleteStudent - executing activity
2024-04-08 19:57:25.379|I|Thread-1|TN5250.20240408_195445.001|NavigateMenuScreens|deleteStudent|# 45|tn.5250.inspectScreen()   - executing inspectScreen()()
2024-04-08 19:57:27.494|I|Thread-1|TN5250.20240408_195445.001|NavigateMenuScreens|deleteStudent|# 45|tn.5250.inspectScreen()   - PASS Inspected TN5250 session 'pub400'; 4 input fields
2024-04-08 19:57:27.494|I|Thread-1|TN5250.20240408_195445.001|NavigateMenuScreens|deleteStudent|# 46|tn.5250.typeKeys(keystrok - executing typeKeys(keystrokes)(4)
2024-04-08 19:57:28.121|I|Thread-1|TN5250.20240408_195445.001|NavigateMenuScreens|deleteStudent|# 46|tn.5250.typeKeys(keystrok - PASS TN5250 session 'pub400' processed key event
2024-04-08 19:57:28.121|I|Thread-1|TN5250.20240408_195445.001|NavigateMenuScreens|deleteStudent|# 47|tn.5250.typeKeys(keystrok - executing typeKeys(keystrokes)({ENTER})
2024-04-08 19:57:28.738|I|Thread-1|TN5250.20240408_195445.001|NavigateMenuScreens|deleteStudent|# 47|tn.5250.typeKeys(keystrok - PASS TN5250 session 'pub400' processed key event
2024-04-08 19:57:28.738|I|Thread-1|TN5250.20240408_195445.001|NavigateMenuScreens|deleteStudent|# 48|tn.5250.typeKeys(keystrok - executing typeKeys(keystrokes)(${studentId})
2024-04-08 19:57:29.384|I|Thread-1|TN5250.20240408_195445.001|NavigateMenuScreens|deleteStudent|# 48|tn.5250.typeKeys(keystrok - PASS TN5250 session 'pub400' processed key event
2024-04-08 19:57:29.384|I|Thread-1|TN5250.20240408_195445.001|NavigateMenuScreens|deleteStudent|# 49|tn.5250.typeKeys(keystrok - executing typeKeys(keystrokes)({ENTER})
2024-04-08 19:57:30.055|I|Thread-1|TN5250.20240408_195445.001|NavigateMenuScreens|deleteStudent|# 49|tn.5250.typeKeys(keystrok - PASS TN5250 session 'pub400' processed key event
2024-04-08 19:57:30.068|I|Thread-1|TN5250.20240408_195445.001|NavigateMenuScreens|deleteStudent|# 50|tn.5250.typeKeys(keystrok - executing typeKeys(keystrokes)({F3})
2024-04-08 19:57:30.686|I|Thread-1|TN5250.20240408_195445.001|NavigateMenuScreens|deleteStudent|# 50|tn.5250.typeKeys(keystrok - PASS TN5250 session 'pub400' processed key event
2024-04-08 19:57:30.686|I|Thread-1|TN5250.20240408_195445.001|NavigateMenuScreens|deleteStudent|# 51|tn.5250.typeKeys(keystrok - executing typeKeys(keystrokes)({F3})
2024-04-08 19:57:31.308|I|Thread-1|TN5250.20240408_195445.001|NavigateMenuScreens|deleteStudent|# 51|tn.5250.typeKeys(keystrok - PASS TN5250 session 'pub400' processed key event
2024-04-08 19:57:31.308|I|Thread-1|TN5250.20240408_195445.001|NavigateMenuScreens|deleteStudent - ending activity
2024-04-08 19:57:31.358|I|Thread-1|[TN5250.20240408_195445.001|NavigateMenuScreens] saving test scenario
2024-04-08 19:57:31.466|I|Thread-1|TN5250.20240408_195445.001|teardown - executing test scenario
2024-04-08 19:57:31.466|I|Thread-1|TN5250.20240408_195445.001|teardown|CloseProfile - executing activity
2024-04-08 19:57:31.466|I|Thread-1|TN5250.20240408_195445.001|teardown|CloseProfile|#  5|tn.5250.close(profile)    - executing close(profile)(pub400)
2024-04-08 19:57:32.167|W|Thread-8|   vt thread interrupted and stopping 
2024-04-08 19:57:32.167|W|Thread-7|   DataStreamProducer thread interrupted and stopping Socket closed
2024-04-08 19:57:32.245|I|Thread-1|TN5250.20240408_195445.001|teardown|CloseProfile|#  5|tn.5250.close(profile)    - PASS TN5250 session 'pub400' closed
2024-04-08 19:57:32.245|I|Thread-1|TN5250.20240408_195445.001|teardown|CloseProfile - ending activity
2024-04-08 19:57:32.245|I|Thread-1|TN5250.20240408_195445.001|teardown|StopRecording - executing activity
2024-04-08 19:57:32.245|I|Thread-1|TN5250.20240408_195445.001|teardown|StopRecording|#  6|base.stopRecording()      - executing stopRecording()()
2024-04-08 19:57:32.858|I|Thread-1|stopping currently in-progress desktop recording...
2024-04-08 19:57:33.868|I|Thread-1|stopping screen recording service...
2024-04-08 19:57:34.263|I|Thread-1|TN5250.20240408_195445.001|teardown|StopRecording|#  6|base.stopRecording()      - PASS previous desktop recording saved and is accessible via F:\Projects\tn5250j\TN5250\output\20240408_195442\captures\TN5250.20240408_195445.001.xlsx_init_A5.mp4
2024-04-08 19:57:34.263|I|Thread-1|TN5250.20240408_195445.001|teardown|StopRecording - ending activity
2024-04-08 19:57:34.296|I|Thread-1|[TN5250.20240408_195445.001|teardown] saving test scenario
2024-04-08 19:57:34.438|I|Thread-1|[20240408_195442] 
/-ITERATION COMPLETE------------------------------------------------------------
| Test Output:    F:\Projects\tn5250j\TN5250\output\20240408_195442\TN5250.20240408_195445.001.xlsx
| Iteration:      1
\-------------------------------------------------------------------------------
» Execution Time: 166063 ms
» Test Steps:     112
» Error(s):       3



2024-04-08 19:57:35.020|I|Thread-1|[20240408_195442] 
/-SCRIPT COMPLETE---------------------------------------------------------------
| Test Script:    F:\Projects\tn5250j\TN5250\artifact\script\TN5250.xlsx
\-------------------------------------------------------------------------------
» Execution Time: 171133 ms
» Iterations:     [1] total 1
» Test Steps:     112
» Passed:         109
» Error(s):       3
» Iteration 1 of 1: F:\Projects\tn5250j\TN5250\output\20240408_195442\TN5250.20240408_195445.001.xlsx



2024-04-08 19:57:35.020|I|Thread-1|nexial mailer not enabled: nexial.enableEmail=false
2024-04-08 19:57:35.477|I|main|[20240408_195442] [F:\Projects\tn5250j\TN5250\artifact\script\TN5250.xlsx] now completed
2024-04-08 19:57:35.477|I|main|[20240408_195442] all execution thread(s) have terminated
2024-04-08 19:57:35.477|I|main|[20240408_195442] test run completed in about 172 seconds
2024-04-08 19:57:35.589|I|main|No predefined nexial-setup found
2024-04-08 19:57:35.622|I|main|outputBase not set; output-to-cloud DISABLED!
2024-04-08 19:57:35.622|I|main|accessKey not set; output-to-cloud DISABLED!
2024-04-08 19:57:35.622|I|main|secretKey not set; output-to-cloud DISABLED!
2024-04-08 19:57:35.622|I|main|generating HTML output for this execution to F:\Projects\tn5250j\TN5250\output\20240408_195442\execution-output.html
2024-04-08 19:57:36.771|I|main|generating JUnit XML output for this execution to F:\Projects\tn5250j\TN5250\output\20240408_195442\junit.xml
2024-04-08 19:57:36.866|I|main|generated the JUnit report for this execution: F:\Projects\tn5250j\TN5250\output\20240408_195442\junit.xml
2024-04-08 19:57:36.898|I|main|nexial mailer not enabled: nexial.enableEmail=false
2024-04-08 19:57:36.898|I|main|skipped email notification as configured
2024-04-08 19:57:36.898|I|main|exiting current script/plan execution
2024-04-08 19:57:36.898|I|main|exiting Nexial...
2024-04-08 19:57:36.898|I|main|shutdown starts...
2024-04-08 19:57:36.898|I|main|stopping screen recording service...
2024-04-08 19:57:36.898|I|main|shutdown ends...
2024-04-08 19:57:36.915|I|main|

/-END OF EXECUTION--------------------------------------------------------------
| » Execution Time: 171 sec.
| » Test Steps....: 112
| » Passed........: 109
| » Failed........: 3
| » Success Rate..: 97.32%
\----------------------------------------------------------nexial-core dev_0000-

2024-04-08 19:57:36.915|E|main|failure found; success rate is 97.32%
2024-04-08 19:57:36.915|I|main|End of Execution:
NEXIAL_OUTPUT:         F:\Projects\tn5250j\TN5250\output\20240408_195442
NEXIAL_EXECUTION_HTML: F:\Projects\tn5250j\TN5250\output\20240408_195442\execution-output.html
NEXIAL_JUNIT_XML:      F:\Projects\tn5250j\TN5250\output\20240408_195442\junit.xml
NEXIAL_SUCCESS_RATE:   97.32%
NEXIAL_EXIT_STATUS:    -13
