2024-03-26 16:55:43.806|I|Thread-1|(DELAYED) nexial-core dev_0000 starting up...
2024-03-26 16:55:43.806|I|Thread-1|(DELAYED) data file resolved as C:\Users\al5171\tmp\PIcEY\TN5250.data.xlsx
2024-03-26 16:55:43.806|I|Thread-1|(DELAYED) input files and output directory resolved...
2024-03-26 16:55:43.806|I|Thread-1|(DELAYED) cleaning up outdated temp files...
2024-03-26 16:55:43.806|I|Thread-1|(DELAYED) No predefined nexial-setup found
2024-03-26 16:55:43.806|I|Thread-1|(DELAYED) re-fetching data from F:\Projects\TN5250\artifact\data\TN5250.data.xlsx
2024-03-26 16:55:43.806|I|Thread-1|(DELAYED) [20240326_165542] [F:\Projects\TN5250\artifact\script\TN5250.xlsx] resolve RUN ID as 20240326_165542
2024-03-26 16:55:43.806|I|Thread-1|(DELAYED) [20240326_165542] [F:\Projects\TN5250\artifact\script\TN5250.xlsx] new thread started
2024-03-26 16:55:43.806|I|Thread-1|No predefined nexial-setup found
2024-03-26 16:55:44.340|I|Thread-1|outputBase not set; output-to-cloud DISABLED!
2024-03-26 16:55:44.340|I|Thread-1|accessKey not set; output-to-cloud DISABLED!
2024-03-26 16:55:44.340|I|Thread-1|secretKey not set; output-to-cloud DISABLED!
2024-03-26 16:55:44.667|I|Thread-1|missing REQUIRED configuration; sms DISABLED!
2024-03-26 16:55:45.257|I|Thread-1|On-Demand Inspection detection enabled
2024-03-26 16:55:45.257|I|Thread-1|[20240326_165542] executing F:\Projects\TN5250\artifact\script\TN5250.xlsx with 1 iteration(s)
2024-03-26 16:55:45.265|I|Thread-1|[20240326_165542] create directory F:\Projects\TN5250\output\20240326_165542\captures
2024-03-26 16:55:45.268|I|Thread-1|[20240326_165542] create directory F:\Projects\TN5250\output\20240326_165542\logs
2024-03-26 16:55:45.694|I|Thread-1|[20240326_165542] merging test data to tmp file F:\Projects\TN5250\output\20240326_165542\TN5250.20240326_165545.001.xlsx
2024-03-26 16:55:45.694|I|Thread-1|re-fetching data from F:\Projects\TN5250\artifact\data\TN5250.data.xlsx
2024-03-26 16:55:45.977|I|Thread-1|[20240326_165542] test script and test data merged to F:\Projects\TN5250\output\20240326_165542\TN5250.20240326_165545.001.xlsx
2024-03-26 16:55:46.668|I|Thread-1|STARTS
2024-03-26 16:55:46.699|I|Thread-1|skipping test step in ROW 5 since it's disabled
2024-03-26 16:55:46.715|I|Thread-1|skipping test step in ROW 6 since it's disabled
2024-03-26 16:55:47.757|I|Thread-1|resolving WPS Spreadsheet as 'C:\Users\al5171\AppData\Local\Kingsoft\WPS Office\12.2.0.13489\office6\et.exe
2024-03-26 16:55:47.757|I|Thread-1|TN5250.20240326_165545.001 - executing iteration #1 of 1; Iteration Id 1
2024-03-26 16:55:47.757|I|Thread-1|TN5250.20240326_165545.001|init - executing test scenario
2024-03-26 16:55:47.757|I|Thread-1|TN5250.20240326_165545.001|init|StartRecording - executing activity
2024-03-26 16:55:47.773|I|Thread-1|TN5250.20240326_165545.001|init|StartRecording|#  5|base.startRecording()     - executing startRecording()()
2024-03-26 16:55:48.433|I|Thread-1|[ROW 5] start recording to 'F:\Projects\TN5250\output\20240326_165542\captures\TN5250.20240326_165545.001.xlsx_init_A5.mp4'
2024-03-26 16:55:49.139|I|Thread-1|TN5250.20240326_165545.001|init|StartRecording|#  5|base.startRecording()     - PASS desktop recording started; saved F:\Projects\TN5250\output\20240326_165542\captures\TN5250.20240326_165545.001.xlsx_init_A5.mp4
2024-03-26 16:55:49.139|I|Thread-1|TN5250.20240326_165545.001|init|StartRecording - ending activity
2024-03-26 16:55:49.235|I|Thread-1|[TN5250.20240326_165545.001|init] saving test scenario
2024-03-26 16:55:49.390|I|Thread-1|TN5250.20240326_165545.001|PUB400 - executing test scenario
2024-03-26 16:55:49.390|I|Thread-1|TN5250.20240326_165545.001|PUB400|Login - executing activity
2024-03-26 16:55:49.390|I|Thread-1|TN5250.20240326_165545.001|PUB400|Login|#  5|tn.5250.open(profile)     - executing open(profile)(pub400)
2024-03-26 16:55:50.003|I|Thread-1|switching current TN5250 profile to 'pub400'
2024-03-26 16:55:54.759|I|Thread-1|TN5250.20240326_165545.001|PUB400|Login|#  5|tn.5250.open(profile)     - PASS TN5250 session 'pub400' started
2024-03-26 16:55:54.759|I|Thread-1|TN5250.20240326_165545.001|PUB400|Login|#  6|tn.5250.inspectScreen()   - executing inspectScreen()()
2024-03-26 16:55:56.882|I|Thread-1|TN5250.20240326_165545.001|PUB400|Login|#  6|tn.5250.inspectScreen()   - PASS Inspected TN5250 session 'pub400'; 2 input fields
2024-03-26 16:55:56.887|I|Thread-1|TN5250.20240326_165545.001|PUB400|Login|#  7|base.assertEqual(expected - executing assertEqual(expected,actual)(2, ${pub400.screen}.inputFieldCount)
2024-03-26 16:55:57.746|I|Thread-1|TN5250.20240326_165545.001|PUB400|Login|#  7|base.assertEqual(expected - PASS validated EXPECTED = ACTUAL; '2' = '2'
2024-03-26 16:55:57.746|I|Thread-1|TN5250.20240326_165545.001|PUB400|Login|#  8|base.assertContains(text, - executing assertContains(text,substring)(${pub400.screen}.text, Your user name:)
2024-03-26 16:55:58.375|I|Thread-1|TN5250.20240326_165545.001|PUB400|Login|#  8|base.assertContains(text, - PASS validated text '        Welcome to PUB400.COM * your public IBM i server                       
                                              Server name . . . :   PUB400     
                                              Subsystem . . . . :   QINTER2    
                                              Display name. . . :   PUB400.RZK 
Your user name:                                                                 
Password (max. 128):                                                            
               ...' contains 'Your user name:'
2024-03-26 16:55:58.375|I|Thread-1|TN5250.20240326_165545.001|PUB400|Login|#  9|tn.5250.assertMessageMatc - executing assertMessageMatch(expects)((C) COPYRIGHT IBM CORP. 1980, 2021.)
2024-03-26 16:55:58.992|I|Thread-1|TN5250.20240326_165545.001|PUB400|Login|#  9|tn.5250.assertMessageMatc - PASS Screen message equals to '(C) COPYRIGHT IBM CORP. 1980, 2021.'
2024-03-26 16:55:58.992|I|Thread-1|TN5250.20240326_165545.001|PUB400|Login|# 10|tn.5250.typeKeys(keystrok - executing typeKeys(keystrokes)(${pub400.username})
2024-03-26 16:55:59.620|I|Thread-1|TN5250.20240326_165545.001|PUB400|Login|# 10|tn.5250.typeKeys(keystrok - PASS TN5250 session 'pub400' processed key event
2024-03-26 16:55:59.620|I|Thread-1|TN5250.20240326_165545.001|PUB400|Login|# 11|tn.5250.typeKeys(keystrok - executing typeKeys(keystrokes)({TAB})
2024-03-26 16:56:00.249|I|Thread-1|TN5250.20240326_165545.001|PUB400|Login|# 11|tn.5250.typeKeys(keystrok - PASS TN5250 session 'pub400' processed key event
2024-03-26 16:56:00.249|I|Thread-1|TN5250.20240326_165545.001|PUB400|Login|# 12|tn.5250.typeKeys(keystrok - executing typeKeys(keystrokes)(${pub400.password})
2024-03-26 16:56:00.893|I|Thread-1|TN5250.20240326_165545.001|PUB400|Login|# 12|tn.5250.typeKeys(keystrok - PASS TN5250 session 'pub400' processed key event
2024-03-26 16:56:00.896|I|Thread-1|TN5250.20240326_165545.001|PUB400|Login|# 13|tn.5250.typeKeys(keystrok - executing typeKeys(keystrokes)({ENTER})
2024-03-26 16:56:01.522|I|Thread-1|TN5250.20240326_165545.001|PUB400|Login|# 13|tn.5250.typeKeys(keystrok - PASS TN5250 session 'pub400' processed key event
2024-03-26 16:56:01.522|I|Thread-1|TN5250.20240326_165545.001|PUB400|Login - ending activity
2024-03-26 16:56:01.522|I|Thread-1|TN5250.20240326_165545.001|PUB400|Post-login - executing activity
2024-03-26 16:56:01.522|I|Thread-1|TN5250.20240326_165545.001|PUB400|Post-login|# 14|tn.5250.inspectScreen()   - executing inspectScreen()()
2024-03-26 16:56:03.642|I|Thread-1|TN5250.20240326_165545.001|PUB400|Post-login|# 14|tn.5250.inspectScreen()   - PASS Inspected TN5250 session 'pub400'; 0 input fields
2024-03-26 16:56:03.642|I|Thread-1|TN5250.20240326_165545.001|PUB400|Post-login|# 15|tn.5250.assertTitle(expec - executing assertTitle(expects)(IBM i Main Menu)
2024-03-26 16:56:04.286|I|Thread-1|TN5250.20240326_165545.001|PUB400|Post-login|# 15|tn.5250.assertTitle(expec - PASS Title equals to 'IBM i Main Menu'
2024-03-26 16:56:04.302|I|Thread-1|TN5250.20240326_165545.001|PUB400|Post-login|# 16|tn.5250.assertMessageMatc - executing assertMessageMatch(expects)((C) COPYRIGHT IBM CORP. 1980, 2021.)
2024-03-26 16:56:04.914|I|Thread-1|TN5250.20240326_165545.001|PUB400|Post-login|# 16|tn.5250.assertMessageMatc - PASS Screen message equals to '(C) COPYRIGHT IBM CORP. 1980, 2021.'
2024-03-26 16:56:04.914|I|Thread-1|TN5250.20240326_165545.001|PUB400|Post-login|# 17|base.assertEqual(expected - executing assertEqual(expected,actual)(PUB400, ${pub400.screen}.fieldValue[System])
2024-03-26 16:56:05.542|I|Thread-1|TN5250.20240326_165545.001|PUB400|Post-login|# 17|base.assertEqual(expected - PASS validated EXPECTED = ACTUAL; 'PUB400' = 'PUB400'
2024-03-26 16:56:05.542|I|Thread-1|TN5250.20240326_165545.001|PUB400|Post-login|# 18|base.assertContains(text, - executing assertContains(text,substring)(${pub400.screen}.text, releases)
2024-03-26 16:56:06.186|E|Thread-1|TN5250.20240326_165545.001|PUB400|Post-login|# 18|base.assertContains(text, - FAIL 'releases' NOT contained in 'MAIN                           IBM i Main Menu                                 
                                                            System:   PUB400   
Select one of the following:                                                   
                                                                               
     1. User tasks                                                             
     2. Office tasks                                                           
     3. General s...'
2024-03-26 16:56:06.186|I|Thread-1|TN5250.20240326_165545.001|PUB400|Post-login|# 19|tn.5250.typeKeys(keystrok - executing typeKeys(keystrokes)(1)
2024-03-26 16:56:06.815|I|Thread-1|TN5250.20240326_165545.001|PUB400|Post-login|# 19|tn.5250.typeKeys(keystrok - PASS TN5250 session 'pub400' processed key event
2024-03-26 16:56:06.815|I|Thread-1|TN5250.20240326_165545.001|PUB400|Post-login|# 20|tn.5250.typeKeys(keystrok - executing typeKeys(keystrokes)({ENTER})
2024-03-26 16:56:07.427|I|Thread-1|TN5250.20240326_165545.001|PUB400|Post-login|# 20|tn.5250.typeKeys(keystrok - PASS TN5250 session 'pub400' processed key event
2024-03-26 16:56:07.427|I|Thread-1|TN5250.20240326_165545.001|PUB400|Post-login|# 21|tn.5250.typeKeys(keystrok - executing typeKeys(keystrokes)({Fn}{F3})
2024-03-26 16:56:08.055|I|Thread-1|TN5250.20240326_165545.001|PUB400|Post-login|# 21|tn.5250.typeKeys(keystrok - PASS TN5250 session 'pub400' processed key event
2024-03-26 16:56:08.071|I|Thread-1|TN5250.20240326_165545.001|PUB400|Post-login - ending activity
2024-03-26 16:56:08.207|I|Thread-1|[TN5250.20240326_165545.001|PUB400] saving test scenario
2024-03-26 16:56:08.307|I|Thread-1|TN5250.20240326_165545.001|teardown - executing test scenario
2024-03-26 16:56:08.307|I|Thread-1|TN5250.20240326_165545.001|teardown|CloseProfile - executing activity
2024-03-26 16:56:08.307|I|Thread-1|TN5250.20240326_165545.001|teardown|CloseProfile|#  5|tn.5250.close(profile)    - executing close(profile)(pub400)
2024-03-26 16:56:08.307|I|Thread-1|evaluating flow control:	SkipIf(true = true)		=> MATCHED
2024-03-26 16:56:08.322|I|Thread-1|TN5250.20240326_165545.001|teardown|CloseProfile|#  5|tn.5250.close(profile)    - SKIPPED current step skipped: SkipIf(true)
2024-03-26 16:56:08.322|I|Thread-1|TN5250.20240326_165545.001|teardown|CloseProfile - ending activity
2024-03-26 16:56:08.322|I|Thread-1|TN5250.20240326_165545.001|teardown|StopRecording - executing activity
2024-03-26 16:56:08.322|I|Thread-1|TN5250.20240326_165545.001|teardown|StopRecording|#  6|base.stopRecording()      - executing stopRecording()()
2024-03-26 16:56:08.322|I|Thread-1|evaluating flow control:	SkipIf(true = true)		=> MATCHED
2024-03-26 16:56:08.322|I|Thread-1|TN5250.20240326_165545.001|teardown|StopRecording|#  6|base.stopRecording()      - SKIPPED current step skipped: SkipIf(true)
2024-03-26 16:56:08.322|I|Thread-1|TN5250.20240326_165545.001|teardown|StopRecording - ending activity
2024-03-26 16:56:08.354|I|Thread-1|[TN5250.20240326_165545.001|teardown] saving test scenario
2024-03-26 16:56:08.448|I|Thread-1|[20240326_165542] 
/-ITERATION COMPLETE------------------------------------------------------------
| Test Output:    F:\Projects\TN5250\output\20240326_165542\TN5250.20240326_165545.001.xlsx
| Iteration:      1
\-------------------------------------------------------------------------------
» Execution Time: 20691 ms
» Test Steps:     20
» Error(s):       1



2024-03-26 16:56:08.950|I|Thread-1|[20240326_165542] 
/-SCRIPT COMPLETE---------------------------------------------------------------
| Test Script:    F:\Projects\TN5250\artifact\script\TN5250.xlsx
\-------------------------------------------------------------------------------
» Execution Time: 25315 ms
» Iterations:     [1] total 1
» Test Steps:     20
» Passed:         17
» Error(s):       1
» Iteration 1 of 1: F:\Projects\TN5250\output\20240326_165542\TN5250.20240326_165545.001.xlsx



2024-03-26 16:56:08.950|I|Thread-1|nexial mailer not enabled: nexial.enableEmail=false
2024-03-26 16:56:09.735|I|main|[20240326_165542] [F:\Projects\TN5250\artifact\script\TN5250.xlsx] now completed
2024-03-26 16:56:09.735|I|main|[20240326_165542] all execution thread(s) have terminated
2024-03-26 16:56:09.735|I|main|[20240326_165542] test run completed in about 27 seconds
2024-03-26 16:56:09.782|I|main|No predefined nexial-setup found
2024-03-26 16:56:09.813|I|main|outputBase not set; output-to-cloud DISABLED!
2024-03-26 16:56:09.813|I|main|accessKey not set; output-to-cloud DISABLED!
2024-03-26 16:56:09.813|I|main|secretKey not set; output-to-cloud DISABLED!
2024-03-26 16:56:09.813|I|main|generating HTML output for this execution to F:\Projects\TN5250\output\20240326_165542\execution-output.html
2024-03-26 16:56:10.521|I|main|generating JUnit XML output for this execution to F:\Projects\TN5250\output\20240326_165542\junit.xml
2024-03-26 16:56:10.553|I|main|generated the JUnit report for this execution: F:\Projects\TN5250\output\20240326_165542\junit.xml
2024-03-26 16:56:10.568|I|main|nexial mailer not enabled: nexial.enableEmail=false
2024-03-26 16:56:10.584|I|main|skipped email notification as configured
2024-03-26 16:56:10.584|I|main|exiting current script/plan execution
2024-03-26 16:56:10.584|I|main|exiting Nexial...
2024-03-26 16:56:10.584|I|main|shutdown starts...
2024-03-26 16:56:10.584|I|main|stopping screen recording service...
2024-03-26 16:56:10.779|W|Thread-8|   vt thread interrupted and stopping 
2024-03-26 16:56:10.779|W|Thread-7|   DataStreamProducer thread interrupted and stopping Socket closed
2024-03-26 16:56:10.809|I|main|shutdown ends...
2024-03-26 16:56:10.819|I|main|

/-END OF EXECUTION--------------------------------------------------------------
| » Execution Time: 26 sec.
| » Test Steps....: 18
| » Passed........: 17
| » Failed........: 1
| » Success Rate..: 94.44%
\----------------------------------------------------------nexial-core dev_0000-

2024-03-26 16:56:10.819|E|main|failure found; success rate is 94.44%
2024-03-26 16:56:10.821|I|main|End of Execution:
NEXIAL_OUTPUT:         F:\Projects\TN5250\output\20240326_165542
NEXIAL_EXECUTION_HTML: F:\Projects\TN5250\output\20240326_165542\execution-output.html
NEXIAL_JUNIT_XML:      F:\Projects\TN5250\output\20240326_165542\junit.xml
NEXIAL_SUCCESS_RATE:   94.44%
NEXIAL_EXIT_STATUS:    -13
